<?xml version="1.0" encoding="UTF-8"?>
<!-- Generated by org.testng.reporters.JUnitReportReporter -->
<testsuite hostname="DESKTOP-QTN1F52" name="com.cucumberframework.runner.TestRunner" tests="1" failures="0" timestamp="4 Nov 2020 07:42:55 GMT" time="127.589" errors="0">
  <testcase name="feature" time="127.589" classname="com.cucumberframework.runner.TestRunner"/>
</testsuite> <!-- com.cucumberframework.runner.TestRunner -->
